                              1 ;--------------------------------------------------------
                              2 ; File Created by SDCC : free open source ANSI-C Compiler
                              3 ; Version 3.0.0 #6037 (Oct 31 2010) (MINGW32)
                              4 ; This file was generated Fri Jan 13 02:12:09 2017
                              5 ;--------------------------------------------------------
                              6 	.module t6963c
                              7 	.optsdcc -mmcs51 --model-small
                              8 	
                              9 ;--------------------------------------------------------
                             10 ; Public variables in this module
                             11 ;--------------------------------------------------------
                             12 	.globl _T6963C_calculateAddress_PARM_2
                             13 	.globl _T6963C_dataRead
                             14 	.globl _TF1
                             15 	.globl _TR1
                             16 	.globl _TF0
                             17 	.globl _TR0
                             18 	.globl _IE1
                             19 	.globl _IT1
                             20 	.globl _IE0
                             21 	.globl _IT0
                             22 	.globl _SM0
                             23 	.globl _SM1
                             24 	.globl _SM2
                             25 	.globl _REN
                             26 	.globl _TB8
                             27 	.globl _RB8
                             28 	.globl _TI
                             29 	.globl _RI
                             30 	.globl _CY
                             31 	.globl _AC
                             32 	.globl _F0
                             33 	.globl _RS1
                             34 	.globl _RS0
                             35 	.globl _OV
                             36 	.globl _F1
                             37 	.globl _P
                             38 	.globl _RD
                             39 	.globl _WR
                             40 	.globl _T1
                             41 	.globl _T0
                             42 	.globl _INT1
                             43 	.globl _INT0
                             44 	.globl _TXD0
                             45 	.globl _TXD
                             46 	.globl _RXD0
                             47 	.globl _RXD
                             48 	.globl _P3_7
                             49 	.globl _P3_6
                             50 	.globl _P3_5
                             51 	.globl _P3_4
                             52 	.globl _P3_3
                             53 	.globl _P3_2
                             54 	.globl _P3_1
                             55 	.globl _P3_0
                             56 	.globl _P2_7
                             57 	.globl _P2_6
                             58 	.globl _P2_5
                             59 	.globl _P2_4
                             60 	.globl _P2_3
                             61 	.globl _P2_2
                             62 	.globl _P2_1
                             63 	.globl _P2_0
                             64 	.globl _P1_7
                             65 	.globl _P1_6
                             66 	.globl _P1_5
                             67 	.globl _P1_4
                             68 	.globl _P1_3
                             69 	.globl _P1_2
                             70 	.globl _P1_1
                             71 	.globl _P1_0
                             72 	.globl _P0_7
                             73 	.globl _P0_6
                             74 	.globl _P0_5
                             75 	.globl _P0_4
                             76 	.globl _P0_3
                             77 	.globl _P0_2
                             78 	.globl _P0_1
                             79 	.globl _P0_0
                             80 	.globl _PS
                             81 	.globl _PT1
                             82 	.globl _PX1
                             83 	.globl _PT0
                             84 	.globl _PX0
                             85 	.globl _EA
                             86 	.globl _ES
                             87 	.globl _ET1
                             88 	.globl _EX1
                             89 	.globl _ET0
                             90 	.globl _EX0
                             91 	.globl _BREG_F7
                             92 	.globl _BREG_F6
                             93 	.globl _BREG_F5
                             94 	.globl _BREG_F4
                             95 	.globl _BREG_F3
                             96 	.globl _BREG_F2
                             97 	.globl _BREG_F1
                             98 	.globl _BREG_F0
                             99 	.globl _TMOD
                            100 	.globl _TL1
                            101 	.globl _TL0
                            102 	.globl _TH1
                            103 	.globl _TH0
                            104 	.globl _TCON
                            105 	.globl _SP
                            106 	.globl _SCON
                            107 	.globl _SBUF0
                            108 	.globl _SBUF
                            109 	.globl _PSW
                            110 	.globl _PCON
                            111 	.globl _P3
                            112 	.globl _P2
                            113 	.globl _P1
                            114 	.globl _P0
                            115 	.globl _IP
                            116 	.globl _IE
                            117 	.globl _DP0L
                            118 	.globl _DPL
                            119 	.globl _DP0H
                            120 	.globl _DPH
                            121 	.globl _B
                            122 	.globl _ACC
                            123 	.globl _T6963C_readFrom_PARM_2
                            124 	.globl _T6963C_writeAt_PARM_3
                            125 	.globl _T6963C_writeAt_PARM_2
                            126 	.globl _T6963C_autoRepeat_PARM_3
                            127 	.globl _T6963C_autoRepeat_PARM_2
                            128 	.globl _T6963C_autoWrite_PARM_3
                            129 	.globl _T6963C_autoWrite_PARM_2
                            130 	.globl _T6963C_dataWrite_PARM_2
                            131 	.globl _T6963C_addressCommand_PARM_2
                            132 	.globl _T6963C_twoDataCommand_PARM_3
                            133 	.globl _T6963C_twoDataCommand_PARM_2
                            134 	.globl _T6963C_oneDataCommand_PARM_2
                            135 	.globl __t6963c
                            136 	.globl _T6963C_statusCheck
                            137 	.globl _T6963C_noDataCommand
                            138 	.globl _T6963C_oneDataCommand
                            139 	.globl _T6963C_twoDataCommand
                            140 	.globl _T6963C_addressCommand
                            141 	.globl _T6963C_dataWrite
                            142 	.globl _T6963C_statusCheckForAutoWrite
                            143 	.globl _T6963C_autoWrite
                            144 	.globl _T6963C_autoRepeat
                            145 	.globl _T6963C_calculateAddress
                            146 	.globl _T6963C_writeAt
                            147 	.globl _T6963C_readFrom
                            148 	.globl _T6963C_initialize
                            149 ;--------------------------------------------------------
                            150 ; special function registers
                            151 ;--------------------------------------------------------
                            152 	.area RSEG    (ABS,DATA)
   0000                     153 	.org 0x0000
                    00E0    154 _ACC	=	0x00e0
                    00F0    155 _B	=	0x00f0
                    0083    156 _DPH	=	0x0083
                    0083    157 _DP0H	=	0x0083
                    0082    158 _DPL	=	0x0082
                    0082    159 _DP0L	=	0x0082
                    00A8    160 _IE	=	0x00a8
                    00B8    161 _IP	=	0x00b8
                    0080    162 _P0	=	0x0080
                    0090    163 _P1	=	0x0090
                    00A0    164 _P2	=	0x00a0
                    00B0    165 _P3	=	0x00b0
                    0087    166 _PCON	=	0x0087
                    00D0    167 _PSW	=	0x00d0
                    0099    168 _SBUF	=	0x0099
                    0099    169 _SBUF0	=	0x0099
                    0098    170 _SCON	=	0x0098
                    0081    171 _SP	=	0x0081
                    0088    172 _TCON	=	0x0088
                    008C    173 _TH0	=	0x008c
                    008D    174 _TH1	=	0x008d
                    008A    175 _TL0	=	0x008a
                    008B    176 _TL1	=	0x008b
                    0089    177 _TMOD	=	0x0089
                            178 ;--------------------------------------------------------
                            179 ; special function bits
                            180 ;--------------------------------------------------------
                            181 	.area RSEG    (ABS,DATA)
   0000                     182 	.org 0x0000
                    00F0    183 _BREG_F0	=	0x00f0
                    00F1    184 _BREG_F1	=	0x00f1
                    00F2    185 _BREG_F2	=	0x00f2
                    00F3    186 _BREG_F3	=	0x00f3
                    00F4    187 _BREG_F4	=	0x00f4
                    00F5    188 _BREG_F5	=	0x00f5
                    00F6    189 _BREG_F6	=	0x00f6
                    00F7    190 _BREG_F7	=	0x00f7
                    00A8    191 _EX0	=	0x00a8
                    00A9    192 _ET0	=	0x00a9
                    00AA    193 _EX1	=	0x00aa
                    00AB    194 _ET1	=	0x00ab
                    00AC    195 _ES	=	0x00ac
                    00AF    196 _EA	=	0x00af
                    00B8    197 _PX0	=	0x00b8
                    00B9    198 _PT0	=	0x00b9
                    00BA    199 _PX1	=	0x00ba
                    00BB    200 _PT1	=	0x00bb
                    00BC    201 _PS	=	0x00bc
                    0080    202 _P0_0	=	0x0080
                    0081    203 _P0_1	=	0x0081
                    0082    204 _P0_2	=	0x0082
                    0083    205 _P0_3	=	0x0083
                    0084    206 _P0_4	=	0x0084
                    0085    207 _P0_5	=	0x0085
                    0086    208 _P0_6	=	0x0086
                    0087    209 _P0_7	=	0x0087
                    0090    210 _P1_0	=	0x0090
                    0091    211 _P1_1	=	0x0091
                    0092    212 _P1_2	=	0x0092
                    0093    213 _P1_3	=	0x0093
                    0094    214 _P1_4	=	0x0094
                    0095    215 _P1_5	=	0x0095
                    0096    216 _P1_6	=	0x0096
                    0097    217 _P1_7	=	0x0097
                    00A0    218 _P2_0	=	0x00a0
                    00A1    219 _P2_1	=	0x00a1
                    00A2    220 _P2_2	=	0x00a2
                    00A3    221 _P2_3	=	0x00a3
                    00A4    222 _P2_4	=	0x00a4
                    00A5    223 _P2_5	=	0x00a5
                    00A6    224 _P2_6	=	0x00a6
                    00A7    225 _P2_7	=	0x00a7
                    00B0    226 _P3_0	=	0x00b0
                    00B1    227 _P3_1	=	0x00b1
                    00B2    228 _P3_2	=	0x00b2
                    00B3    229 _P3_3	=	0x00b3
                    00B4    230 _P3_4	=	0x00b4
                    00B5    231 _P3_5	=	0x00b5
                    00B6    232 _P3_6	=	0x00b6
                    00B7    233 _P3_7	=	0x00b7
                    00B0    234 _RXD	=	0x00b0
                    00B0    235 _RXD0	=	0x00b0
                    00B1    236 _TXD	=	0x00b1
                    00B1    237 _TXD0	=	0x00b1
                    00B2    238 _INT0	=	0x00b2
                    00B3    239 _INT1	=	0x00b3
                    00B4    240 _T0	=	0x00b4
                    00B5    241 _T1	=	0x00b5
                    00B6    242 _WR	=	0x00b6
                    00B7    243 _RD	=	0x00b7
                    00D0    244 _P	=	0x00d0
                    00D1    245 _F1	=	0x00d1
                    00D2    246 _OV	=	0x00d2
                    00D3    247 _RS0	=	0x00d3
                    00D4    248 _RS1	=	0x00d4
                    00D5    249 _F0	=	0x00d5
                    00D6    250 _AC	=	0x00d6
                    00D7    251 _CY	=	0x00d7
                    0098    252 _RI	=	0x0098
                    0099    253 _TI	=	0x0099
                    009A    254 _RB8	=	0x009a
                    009B    255 _TB8	=	0x009b
                    009C    256 _REN	=	0x009c
                    009D    257 _SM2	=	0x009d
                    009E    258 _SM1	=	0x009e
                    009F    259 _SM0	=	0x009f
                    0088    260 _IT0	=	0x0088
                    0089    261 _IE0	=	0x0089
                    008A    262 _IT1	=	0x008a
                    008B    263 _IE1	=	0x008b
                    008C    264 _TR0	=	0x008c
                    008D    265 _TF0	=	0x008d
                    008E    266 _TR1	=	0x008e
                    008F    267 _TF1	=	0x008f
                            268 ;--------------------------------------------------------
                            269 ; overlayable register banks
                            270 ;--------------------------------------------------------
                            271 	.area REG_BANK_0	(REL,OVR,DATA)
   0000                     272 	.ds 8
                            273 ;--------------------------------------------------------
                            274 ; internal ram data
                            275 ;--------------------------------------------------------
                            276 	.area DSEG    (DATA)
   0000                     277 __t6963c::
   0000                     278 	.ds 2
   0002                     279 _T6963C_oneDataCommand_PARM_2:
   0002                     280 	.ds 1
   0003                     281 _T6963C_twoDataCommand_PARM_2:
   0003                     282 	.ds 1
   0004                     283 _T6963C_twoDataCommand_PARM_3:
   0004                     284 	.ds 1
   0005                     285 _T6963C_addressCommand_PARM_2:
   0005                     286 	.ds 2
   0007                     287 _T6963C_dataWrite_PARM_2:
   0007                     288 	.ds 1
   0008                     289 _T6963C_autoWrite_PARM_2:
   0008                     290 	.ds 3
   000B                     291 _T6963C_autoWrite_PARM_3:
   000B                     292 	.ds 2
   000D                     293 _T6963C_autoWrite_n_1_1:
   000D                     294 	.ds 2
   000F                     295 _T6963C_autoRepeat_PARM_2:
   000F                     296 	.ds 1
   0010                     297 _T6963C_autoRepeat_PARM_3:
   0010                     298 	.ds 2
   0012                     299 _T6963C_writeAt_PARM_2:
   0012                     300 	.ds 1
   0013                     301 _T6963C_writeAt_PARM_3:
   0013                     302 	.ds 1
   0014                     303 _T6963C_readFrom_PARM_2:
   0014                     304 	.ds 1
                            305 ;--------------------------------------------------------
                            306 ; overlayable items in internal ram 
                            307 ;--------------------------------------------------------
                            308 	.area	OSEG    (OVR,DATA)
                            309 	.area	OSEG    (OVR,DATA)
                            310 	.area	OSEG    (OVR,DATA)
   0000                     311 _T6963C_calculateAddress_PARM_2::
   0000                     312 	.ds 1
                            313 ;--------------------------------------------------------
                            314 ; indirectly addressable internal ram data
                            315 ;--------------------------------------------------------
                            316 	.area ISEG    (DATA)
                            317 ;--------------------------------------------------------
                            318 ; absolute internal ram data
                            319 ;--------------------------------------------------------
                            320 	.area IABS    (ABS,DATA)
                            321 	.area IABS    (ABS,DATA)
                            322 ;--------------------------------------------------------
                            323 ; bit data
                            324 ;--------------------------------------------------------
                            325 	.area BSEG    (BIT)
                            326 ;--------------------------------------------------------
                            327 ; paged external ram data
                            328 ;--------------------------------------------------------
                            329 	.area PSEG    (PAG,XDATA)
                            330 ;--------------------------------------------------------
                            331 ; external ram data
                            332 ;--------------------------------------------------------
                            333 	.area XSEG    (XDATA)
                            334 ;--------------------------------------------------------
                            335 ; absolute external ram data
                            336 ;--------------------------------------------------------
                            337 	.area XABS    (ABS,XDATA)
                            338 ;--------------------------------------------------------
                            339 ; external initialized ram data
                            340 ;--------------------------------------------------------
                            341 	.area XISEG   (XDATA)
                            342 	.area HOME    (CODE)
                            343 	.area GSINIT0 (CODE)
                            344 	.area GSINIT1 (CODE)
                            345 	.area GSINIT2 (CODE)
                            346 	.area GSINIT3 (CODE)
                            347 	.area GSINIT4 (CODE)
                            348 	.area GSINIT5 (CODE)
                            349 	.area GSINIT  (CODE)
                            350 	.area GSFINAL (CODE)
                            351 	.area CSEG    (CODE)
                            352 ;--------------------------------------------------------
                            353 ; global & static initialisations
                            354 ;--------------------------------------------------------
                            355 	.area HOME    (CODE)
                            356 	.area GSINIT  (CODE)
                            357 	.area GSFINAL (CODE)
                            358 	.area GSINIT  (CODE)
                            359 ;	../t6963c.c:4: unsigned char __xdata *_t6963c = (unsigned char __xdata *) 0x2000;
   0000 75*00 00            360 	mov	__t6963c,#0x00
   0003 75*01 20            361 	mov	(__t6963c + 1),#0x20
                            362 ;--------------------------------------------------------
                            363 ; Home
                            364 ;--------------------------------------------------------
                            365 	.area HOME    (CODE)
                            366 	.area HOME    (CODE)
                            367 ;--------------------------------------------------------
                            368 ; code
                            369 ;--------------------------------------------------------
                            370 	.area CSEG    (CODE)
                            371 ;------------------------------------------------------------
                            372 ;Allocation info for local variables in function 'T6963C_statusCheck'
                            373 ;------------------------------------------------------------
                            374 ;status                    Allocated to registers r2 
                            375 ;------------------------------------------------------------
                            376 ;	../t6963c.c:21: void T6963C_statusCheck() {
                            377 ;	-----------------------------------------
                            378 ;	 function T6963C_statusCheck
                            379 ;	-----------------------------------------
   0000                     380 _T6963C_statusCheck:
                    0002    381 	ar2 = 0x02
                    0003    382 	ar3 = 0x03
                    0004    383 	ar4 = 0x04
                    0005    384 	ar5 = 0x05
                    0006    385 	ar6 = 0x06
                    0007    386 	ar7 = 0x07
                    0000    387 	ar0 = 0x00
                    0001    388 	ar1 = 0x01
                            389 ;	../t6963c.c:23: do {
   0000                     390 00101$:
                            391 ;	../t6963c.c:24: status = _t6963c[CD_COMMAND];
   0000 85*00 82            392 	mov	dpl,__t6963c
   0003 85*01 83            393 	mov	dph,(__t6963c + 1)
   0006 A3                  394 	inc	dptr
   0007 E0                  395 	movx	a,@dptr
   0008 FA                  396 	mov	r2,a
                            397 ;	../t6963c.c:25: status &= STA0_STA1;
   0009 53 02 03            398 	anl	ar2,#0x03
                            399 ;	../t6963c.c:26: } while (status != STA0_STA1);
   000C BA 03 F1            400 	cjne	r2,#0x03,00101$
   000F 22                  401 	ret
                            402 ;------------------------------------------------------------
                            403 ;Allocation info for local variables in function 'T6963C_noDataCommand'
                            404 ;------------------------------------------------------------
                            405 ;command                   Allocated to registers r2 
                            406 ;------------------------------------------------------------
                            407 ;	../t6963c.c:33: void T6963C_noDataCommand(unsigned char command) {
                            408 ;	-----------------------------------------
                            409 ;	 function T6963C_noDataCommand
                            410 ;	-----------------------------------------
   0010                     411 _T6963C_noDataCommand:
   0010 AA 82               412 	mov	r2,dpl
                            413 ;	../t6963c.c:34: T6963C_statusCheck();
   0012 C0 02               414 	push	ar2
   0014 12s00r00            415 	lcall	_T6963C_statusCheck
   0017 D0 02               416 	pop	ar2
                            417 ;	../t6963c.c:35: _t6963c[CD_COMMAND] = command;
   0019 85*00 82            418 	mov	dpl,__t6963c
   001C 85*01 83            419 	mov	dph,(__t6963c + 1)
   001F A3                  420 	inc	dptr
   0020 EA                  421 	mov	a,r2
   0021 F0                  422 	movx	@dptr,a
   0022 22                  423 	ret
                            424 ;------------------------------------------------------------
                            425 ;Allocation info for local variables in function 'T6963C_oneDataCommand'
                            426 ;------------------------------------------------------------
                            427 ;data1                     Allocated with name '_T6963C_oneDataCommand_PARM_2'
                            428 ;command                   Allocated to registers r2 
                            429 ;------------------------------------------------------------
                            430 ;	../t6963c.c:43: void T6963C_oneDataCommand(unsigned char command, unsigned char data1) {
                            431 ;	-----------------------------------------
                            432 ;	 function T6963C_oneDataCommand
                            433 ;	-----------------------------------------
   0023                     434 _T6963C_oneDataCommand:
   0023 AA 82               435 	mov	r2,dpl
                            436 ;	../t6963c.c:44: T6963C_statusCheck();
   0025 C0 02               437 	push	ar2
   0027 12s00r00            438 	lcall	_T6963C_statusCheck
                            439 ;	../t6963c.c:45: _t6963c[CD_DATA] = data1;
   002A 85*00 82            440 	mov	dpl,__t6963c
   002D 85*01 83            441 	mov	dph,(__t6963c + 1)
   0030 E5*02               442 	mov	a,_T6963C_oneDataCommand_PARM_2
   0032 F0                  443 	movx	@dptr,a
                            444 ;	../t6963c.c:46: T6963C_statusCheck();
   0033 12s00r00            445 	lcall	_T6963C_statusCheck
   0036 D0 02               446 	pop	ar2
                            447 ;	../t6963c.c:47: _t6963c[CD_COMMAND] = command;
   0038 85*00 82            448 	mov	dpl,__t6963c
   003B 85*01 83            449 	mov	dph,(__t6963c + 1)
   003E A3                  450 	inc	dptr
   003F EA                  451 	mov	a,r2
   0040 F0                  452 	movx	@dptr,a
   0041 22                  453 	ret
                            454 ;------------------------------------------------------------
                            455 ;Allocation info for local variables in function 'T6963C_twoDataCommand'
                            456 ;------------------------------------------------------------
                            457 ;data1                     Allocated with name '_T6963C_twoDataCommand_PARM_2'
                            458 ;data2                     Allocated with name '_T6963C_twoDataCommand_PARM_3'
                            459 ;command                   Allocated to registers r2 
                            460 ;------------------------------------------------------------
                            461 ;	../t6963c.c:56: void T6963C_twoDataCommand(unsigned char command, 
                            462 ;	-----------------------------------------
                            463 ;	 function T6963C_twoDataCommand
                            464 ;	-----------------------------------------
   0042                     465 _T6963C_twoDataCommand:
   0042 AA 82               466 	mov	r2,dpl
                            467 ;	../t6963c.c:59: T6963C_statusCheck();
   0044 C0 02               468 	push	ar2
   0046 12s00r00            469 	lcall	_T6963C_statusCheck
                            470 ;	../t6963c.c:60: _t6963c[CD_DATA] = data1;
   0049 85*00 82            471 	mov	dpl,__t6963c
   004C 85*01 83            472 	mov	dph,(__t6963c + 1)
   004F E5*03               473 	mov	a,_T6963C_twoDataCommand_PARM_2
   0051 F0                  474 	movx	@dptr,a
                            475 ;	../t6963c.c:61: T6963C_statusCheck();
   0052 12s00r00            476 	lcall	_T6963C_statusCheck
                            477 ;	../t6963c.c:62: _t6963c[CD_DATA] = data2;
   0055 85*00 82            478 	mov	dpl,__t6963c
   0058 85*01 83            479 	mov	dph,(__t6963c + 1)
   005B E5*04               480 	mov	a,_T6963C_twoDataCommand_PARM_3
   005D F0                  481 	movx	@dptr,a
                            482 ;	../t6963c.c:63: T6963C_statusCheck();
   005E 12s00r00            483 	lcall	_T6963C_statusCheck
   0061 D0 02               484 	pop	ar2
                            485 ;	../t6963c.c:64: _t6963c[CD_COMMAND] = command;
   0063 85*00 82            486 	mov	dpl,__t6963c
   0066 85*01 83            487 	mov	dph,(__t6963c + 1)
   0069 A3                  488 	inc	dptr
   006A EA                  489 	mov	a,r2
   006B F0                  490 	movx	@dptr,a
   006C 22                  491 	ret
                            492 ;------------------------------------------------------------
                            493 ;Allocation info for local variables in function 'T6963C_addressCommand'
                            494 ;------------------------------------------------------------
                            495 ;address                   Allocated with name '_T6963C_addressCommand_PARM_2'
                            496 ;command                   Allocated to registers r2 
                            497 ;b                         Allocated to registers 
                            498 ;------------------------------------------------------------
                            499 ;	../t6963c.c:72: void T6963C_addressCommand(unsigned char command, 
                            500 ;	-----------------------------------------
                            501 ;	 function T6963C_addressCommand
                            502 ;	-----------------------------------------
   006D                     503 _T6963C_addressCommand:
   006D AA 82               504 	mov	r2,dpl
                            505 ;	../t6963c.c:74: unsigned char *b = (unsigned char *) &address;
                            506 ;	../t6963c.c:75: T6963C_statusCheck();
   006F C0 02               507 	push	ar2
   0071 12s00r00            508 	lcall	_T6963C_statusCheck
                            509 ;	../t6963c.c:76: _t6963c[CD_DATA] = b[0];
   0074 AB*00               510 	mov	r3,__t6963c
   0076 AC*01               511 	mov	r4,(__t6963c + 1)
   0078 AD*05               512 	mov	r5,_T6963C_addressCommand_PARM_2
   007A 8B 82               513 	mov	dpl,r3
   007C 8C 83               514 	mov	dph,r4
   007E ED                  515 	mov	a,r5
   007F F0                  516 	movx	@dptr,a
                            517 ;	../t6963c.c:77: T6963C_statusCheck();
   0080 12s00r00            518 	lcall	_T6963C_statusCheck
                            519 ;	../t6963c.c:78: _t6963c[CD_DATA] = b[1];
   0083 AB*00               520 	mov	r3,__t6963c
   0085 AC*01               521 	mov	r4,(__t6963c + 1)
   0087 90s00r06            522 	mov	dptr,#(_T6963C_addressCommand_PARM_2 + 0x0001)
   008A 75 F0 40            523 	mov	b,#0x40
   008D 12s00r00            524 	lcall	__gptrget
   0090 8B 82               525 	mov	dpl,r3
   0092 8C 83               526 	mov	dph,r4
   0094 F0                  527 	movx	@dptr,a
                            528 ;	../t6963c.c:79: T6963C_statusCheck();
   0095 12s00r00            529 	lcall	_T6963C_statusCheck
   0098 D0 02               530 	pop	ar2
                            531 ;	../t6963c.c:80: _t6963c[CD_COMMAND] = command;
   009A 85*00 82            532 	mov	dpl,__t6963c
   009D 85*01 83            533 	mov	dph,(__t6963c + 1)
   00A0 A3                  534 	inc	dptr
   00A1 EA                  535 	mov	a,r2
   00A2 F0                  536 	movx	@dptr,a
   00A3 22                  537 	ret
                            538 ;------------------------------------------------------------
                            539 ;Allocation info for local variables in function 'T6963C_dataWrite'
                            540 ;------------------------------------------------------------
                            541 ;data1                     Allocated with name '_T6963C_dataWrite_PARM_2'
                            542 ;address                   Allocated to registers 
                            543 ;------------------------------------------------------------
                            544 ;	../t6963c.c:89: void T6963C_dataWrite(unsigned int address,unsigned char data1) {
                            545 ;	-----------------------------------------
                            546 ;	 function T6963C_dataWrite
                            547 ;	-----------------------------------------
   00A4                     548 _T6963C_dataWrite:
   00A4 85 82*05            549 	mov	_T6963C_addressCommand_PARM_2,dpl
   00A7 85 83*06            550 	mov	(_T6963C_addressCommand_PARM_2 + 1),dph
                            551 ;	../t6963c.c:90: T6963C_addressCommand(0x24,address);
   00AA 75 82 24            552 	mov	dpl,#0x24
   00AD 12s00r6D            553 	lcall	_T6963C_addressCommand
                            554 ;	../t6963c.c:91: T6963C_oneDataCommand(0xC0,data1);
   00B0 85*07*02            555 	mov	_T6963C_oneDataCommand_PARM_2,_T6963C_dataWrite_PARM_2
   00B3 75 82 C0            556 	mov	dpl,#0xC0
   00B6 02s00r23            557 	ljmp	_T6963C_oneDataCommand
                            558 ;------------------------------------------------------------
                            559 ;Allocation info for local variables in function 'T6963C_dataRead'
                            560 ;------------------------------------------------------------
                            561 ;address                   Allocated to registers 
                            562 ;------------------------------------------------------------
                            563 ;	../t6963c.c:99: unsigned char T6963C_dataRead(unsigned int address) {
                            564 ;	-----------------------------------------
                            565 ;	 function T6963C_dataRead
                            566 ;	-----------------------------------------
   00B9                     567 _T6963C_dataRead:
   00B9 85 82*05            568 	mov	_T6963C_addressCommand_PARM_2,dpl
   00BC 85 83*06            569 	mov	(_T6963C_addressCommand_PARM_2 + 1),dph
                            570 ;	../t6963c.c:100: T6963C_addressCommand(0x24,address);
   00BF 75 82 24            571 	mov	dpl,#0x24
   00C2 12s00r6D            572 	lcall	_T6963C_addressCommand
                            573 ;	../t6963c.c:101: T6963C_noDataCommand(0xC1);
   00C5 75 82 C1            574 	mov	dpl,#0xC1
   00C8 12s00r10            575 	lcall	_T6963C_noDataCommand
                            576 ;	../t6963c.c:102: return _t6963c[CD_DATA];
   00CB 85*00 82            577 	mov	dpl,__t6963c
   00CE 85*01 83            578 	mov	dph,(__t6963c + 1)
   00D1 E0                  579 	movx	a,@dptr
   00D2 F5 82               580 	mov	dpl,a
   00D4 22                  581 	ret
                            582 ;------------------------------------------------------------
                            583 ;Allocation info for local variables in function 'T6963C_statusCheckForAutoWrite'
                            584 ;------------------------------------------------------------
                            585 ;status                    Allocated to registers r2 
                            586 ;------------------------------------------------------------
                            587 ;	../t6963c.c:108: void T6963C_statusCheckForAutoWrite() {
                            588 ;	-----------------------------------------
                            589 ;	 function T6963C_statusCheckForAutoWrite
                            590 ;	-----------------------------------------
   00D5                     591 _T6963C_statusCheckForAutoWrite:
                            592 ;	../t6963c.c:110: do {
   00D5                     593 00101$:
                            594 ;	../t6963c.c:111: status = _t6963c[CD_COMMAND];  // Pour activer C
   00D5 85*00 82            595 	mov	dpl,__t6963c
   00D8 85*01 83            596 	mov	dph,(__t6963c + 1)
   00DB A3                  597 	inc	dptr
   00DC E0                  598 	movx	a,@dptr
   00DD FA                  599 	mov	r2,a
                            600 ;	../t6963c.c:112: status &= STA_3;          // Vérifie STA3
   00DE 53 02 08            601 	anl	ar2,#0x08
                            602 ;	../t6963c.c:113: } while (status != STA_3);
   00E1 BA 08 F1            603 	cjne	r2,#0x08,00101$
   00E4 22                  604 	ret
                            605 ;------------------------------------------------------------
                            606 ;Allocation info for local variables in function 'T6963C_autoWrite'
                            607 ;------------------------------------------------------------
                            608 ;data1                     Allocated with name '_T6963C_autoWrite_PARM_2'
                            609 ;size                      Allocated with name '_T6963C_autoWrite_PARM_3'
                            610 ;address                   Allocated to registers r2 r3 
                            611 ;n                         Allocated with name '_T6963C_autoWrite_n_1_1'
                            612 ;------------------------------------------------------------
                            613 ;	../t6963c.c:124: unsigned int T6963C_autoWrite(unsigned int address, 
                            614 ;	-----------------------------------------
                            615 ;	 function T6963C_autoWrite
                            616 ;	-----------------------------------------
   00E5                     617 _T6963C_autoWrite:
   00E5 AA 82               618 	mov	r2,dpl
   00E7 AB 83               619 	mov	r3,dph
                            620 ;	../t6963c.c:128: T6963C_addressCommand(0x24, address);
   00E9 8A*05               621 	mov	_T6963C_addressCommand_PARM_2,r2
   00EB 8B*06               622 	mov	(_T6963C_addressCommand_PARM_2 + 1),r3
   00ED 75 82 24            623 	mov	dpl,#0x24
   00F0 C0 02               624 	push	ar2
   00F2 C0 03               625 	push	ar3
   00F4 12s00r6D            626 	lcall	_T6963C_addressCommand
                            627 ;	../t6963c.c:129: T6963C_noDataCommand(0xB0);
   00F7 75 82 B0            628 	mov	dpl,#0xB0
   00FA 12s00r10            629 	lcall	_T6963C_noDataCommand
   00FD D0 03               630 	pop	ar3
   00FF D0 02               631 	pop	ar2
                            632 ;	../t6963c.c:130: for(n=0 ; n<size ; n++) {
   0101 E4                  633 	clr	a
   0102 F5*0D               634 	mov	_T6963C_autoWrite_n_1_1,a
   0104 F5*0E               635 	mov	(_T6963C_autoWrite_n_1_1 + 1),a
   0106                     636 00101$:
   0106 C3                  637 	clr	c
   0107 E5*0D               638 	mov	a,_T6963C_autoWrite_n_1_1
   0109 95*0B               639 	subb	a,_T6963C_autoWrite_PARM_3
   010B E5*0E               640 	mov	a,(_T6963C_autoWrite_n_1_1 + 1)
   010D 95*0C               641 	subb	a,(_T6963C_autoWrite_PARM_3 + 1)
   010F 50 39               642 	jnc	00104$
                            643 ;	../t6963c.c:131: address++;
   0111 0A                  644 	inc	r2
   0112 BA 00 01            645 	cjne	r2,#0x00,00111$
   0115 0B                  646 	inc	r3
   0116                     647 00111$:
                            648 ;	../t6963c.c:132: T6963C_statusCheckForAutoWrite();
   0116 C0 02               649 	push	ar2
   0118 C0 03               650 	push	ar3
   011A 12s00rD5            651 	lcall	_T6963C_statusCheckForAutoWrite
   011D D0 03               652 	pop	ar3
   011F D0 02               653 	pop	ar2
                            654 ;	../t6963c.c:133: _t6963c[CD_DATA] = data1[n];
   0121 AE*00               655 	mov	r6,__t6963c
   0123 AF*01               656 	mov	r7,(__t6963c + 1)
   0125 E5*0D               657 	mov	a,_T6963C_autoWrite_n_1_1
   0127 25*08               658 	add	a,_T6963C_autoWrite_PARM_2
   0129 F8                  659 	mov	r0,a
   012A E5*0E               660 	mov	a,(_T6963C_autoWrite_n_1_1 + 1)
   012C 35*09               661 	addc	a,(_T6963C_autoWrite_PARM_2 + 1)
   012E F9                  662 	mov	r1,a
   012F AC*0A               663 	mov	r4,(_T6963C_autoWrite_PARM_2 + 2)
   0131 88 82               664 	mov	dpl,r0
   0133 89 83               665 	mov	dph,r1
   0135 8C F0               666 	mov	b,r4
   0137 12s00r00            667 	lcall	__gptrget
   013A F8                  668 	mov	r0,a
   013B 8E 82               669 	mov	dpl,r6
   013D 8F 83               670 	mov	dph,r7
   013F F0                  671 	movx	@dptr,a
                            672 ;	../t6963c.c:130: for(n=0 ; n<size ; n++) {
   0140 05*0D               673 	inc	_T6963C_autoWrite_n_1_1
   0142 E4                  674 	clr	a
   0143 B5*0D C0            675 	cjne	a,_T6963C_autoWrite_n_1_1,00101$
   0146 05*0E               676 	inc	(_T6963C_autoWrite_n_1_1 + 1)
   0148 80 BC               677 	sjmp	00101$
   014A                     678 00104$:
                            679 ;	../t6963c.c:135: T6963C_noDataCommand(0xB2);
   014A 75 82 B2            680 	mov	dpl,#0xB2
   014D C0 02               681 	push	ar2
   014F C0 03               682 	push	ar3
   0151 12s00r10            683 	lcall	_T6963C_noDataCommand
   0154 D0 03               684 	pop	ar3
   0156 D0 02               685 	pop	ar2
                            686 ;	../t6963c.c:136: return address;
   0158 8A 82               687 	mov	dpl,r2
   015A 8B 83               688 	mov	dph,r3
   015C 22                  689 	ret
                            690 ;------------------------------------------------------------
                            691 ;Allocation info for local variables in function 'T6963C_autoRepeat'
                            692 ;------------------------------------------------------------
                            693 ;data1                     Allocated with name '_T6963C_autoRepeat_PARM_2'
                            694 ;repeats                   Allocated with name '_T6963C_autoRepeat_PARM_3'
                            695 ;address                   Allocated to registers r2 r3 
                            696 ;n                         Allocated to registers r4 r5 
                            697 ;------------------------------------------------------------
                            698 ;	../t6963c.c:146: unsigned int T6963C_autoRepeat(unsigned int address, 
                            699 ;	-----------------------------------------
                            700 ;	 function T6963C_autoRepeat
                            701 ;	-----------------------------------------
   015D                     702 _T6963C_autoRepeat:
   015D AA 82               703 	mov	r2,dpl
   015F AB 83               704 	mov	r3,dph
                            705 ;	../t6963c.c:150: T6963C_addressCommand(0x24, address);
   0161 8A*05               706 	mov	_T6963C_addressCommand_PARM_2,r2
   0163 8B*06               707 	mov	(_T6963C_addressCommand_PARM_2 + 1),r3
   0165 75 82 24            708 	mov	dpl,#0x24
   0168 C0 02               709 	push	ar2
   016A C0 03               710 	push	ar3
   016C 12s00r6D            711 	lcall	_T6963C_addressCommand
                            712 ;	../t6963c.c:151: T6963C_noDataCommand(0xB0);
   016F 75 82 B0            713 	mov	dpl,#0xB0
   0172 12s00r10            714 	lcall	_T6963C_noDataCommand
   0175 D0 03               715 	pop	ar3
   0177 D0 02               716 	pop	ar2
                            717 ;	../t6963c.c:152: for(n=0 ; n<repeats ; n++) {
   0179 7C 00               718 	mov	r4,#0x00
   017B 7D 00               719 	mov	r5,#0x00
   017D                     720 00101$:
   017D C3                  721 	clr	c
   017E EC                  722 	mov	a,r4
   017F 95*10               723 	subb	a,_T6963C_autoRepeat_PARM_3
   0181 ED                  724 	mov	a,r5
   0182 95*11               725 	subb	a,(_T6963C_autoRepeat_PARM_3 + 1)
   0184 50 28               726 	jnc	00104$
                            727 ;	../t6963c.c:153: address++;
   0186 0A                  728 	inc	r2
   0187 BA 00 01            729 	cjne	r2,#0x00,00111$
   018A 0B                  730 	inc	r3
   018B                     731 00111$:
                            732 ;	../t6963c.c:154: T6963C_statusCheckForAutoWrite();
   018B C0 02               733 	push	ar2
   018D C0 03               734 	push	ar3
   018F C0 04               735 	push	ar4
   0191 C0 05               736 	push	ar5
   0193 12s00rD5            737 	lcall	_T6963C_statusCheckForAutoWrite
   0196 D0 05               738 	pop	ar5
   0198 D0 04               739 	pop	ar4
   019A D0 03               740 	pop	ar3
   019C D0 02               741 	pop	ar2
                            742 ;	../t6963c.c:155: _t6963c[CD_DATA] = data1;
   019E 85*00 82            743 	mov	dpl,__t6963c
   01A1 85*01 83            744 	mov	dph,(__t6963c + 1)
   01A4 E5*0F               745 	mov	a,_T6963C_autoRepeat_PARM_2
   01A6 F0                  746 	movx	@dptr,a
                            747 ;	../t6963c.c:152: for(n=0 ; n<repeats ; n++) {
   01A7 0C                  748 	inc	r4
   01A8 BC 00 D2            749 	cjne	r4,#0x00,00101$
   01AB 0D                  750 	inc	r5
   01AC 80 CF               751 	sjmp	00101$
   01AE                     752 00104$:
                            753 ;	../t6963c.c:157: T6963C_noDataCommand(0xB2);
   01AE 75 82 B2            754 	mov	dpl,#0xB2
   01B1 C0 02               755 	push	ar2
   01B3 C0 03               756 	push	ar3
   01B5 12s00r10            757 	lcall	_T6963C_noDataCommand
   01B8 D0 03               758 	pop	ar3
   01BA D0 02               759 	pop	ar2
                            760 ;	../t6963c.c:158: return address;
   01BC 8A 82               761 	mov	dpl,r2
   01BE 8B 83               762 	mov	dph,r3
   01C0 22                  763 	ret
                            764 ;------------------------------------------------------------
                            765 ;Allocation info for local variables in function 'T6963C_calculateAddress'
                            766 ;------------------------------------------------------------
                            767 ;y                         Allocated with name '_T6963C_calculateAddress_PARM_2'
                            768 ;x                         Allocated to registers r2 
                            769 ;------------------------------------------------------------
                            770 ;	../t6963c.c:167: unsigned int T6963C_calculateAddress(unsigned char x, 
                            771 ;	-----------------------------------------
                            772 ;	 function T6963C_calculateAddress
                            773 ;	-----------------------------------------
   01C1                     774 _T6963C_calculateAddress:
   01C1 AA 82               775 	mov	r2,dpl
                            776 ;	../t6963c.c:169: return T6963C_ZONE_TEXTE + y * T6963C_COLONNES + x;
   01C3 E5*00               777 	mov	a,_T6963C_calculateAddress_PARM_2
   01C5 75 F0 1E            778 	mov	b,#0x1E
   01C8 A4                  779 	mul	ab
   01C9 FB                  780 	mov	r3,a
   01CA AC F0               781 	mov	r4,b
   01CC 7D 00               782 	mov	r5,#0x00
   01CE EA                  783 	mov	a,r2
   01CF 2B                  784 	add	a,r3
   01D0 F5 82               785 	mov	dpl,a
   01D2 ED                  786 	mov	a,r5
   01D3 3C                  787 	addc	a,r4
   01D4 F5 83               788 	mov	dph,a
   01D6 22                  789 	ret
                            790 ;------------------------------------------------------------
                            791 ;Allocation info for local variables in function 'T6963C_writeAt'
                            792 ;------------------------------------------------------------
                            793 ;y                         Allocated with name '_T6963C_writeAt_PARM_2'
                            794 ;c                         Allocated with name '_T6963C_writeAt_PARM_3'
                            795 ;x                         Allocated to registers 
                            796 ;address                   Allocated to registers 
                            797 ;------------------------------------------------------------
                            798 ;	../t6963c.c:178: void T6963C_writeAt(unsigned char x, 
                            799 ;	-----------------------------------------
                            800 ;	 function T6963C_writeAt
                            801 ;	-----------------------------------------
   01D7                     802 _T6963C_writeAt:
                            803 ;	../t6963c.c:181: unsigned int address = T6963C_calculateAddress(x, y);
   01D7 85*12*00            804 	mov	_T6963C_calculateAddress_PARM_2,_T6963C_writeAt_PARM_2
   01DA 12s01rC1            805 	lcall	_T6963C_calculateAddress
                            806 ;	../t6963c.c:182: T6963C_dataWrite(address, c);
   01DD 85*13*07            807 	mov	_T6963C_dataWrite_PARM_2,_T6963C_writeAt_PARM_3
   01E0 02s00rA4            808 	ljmp	_T6963C_dataWrite
                            809 ;------------------------------------------------------------
                            810 ;Allocation info for local variables in function 'T6963C_readFrom'
                            811 ;------------------------------------------------------------
                            812 ;y                         Allocated with name '_T6963C_readFrom_PARM_2'
                            813 ;x                         Allocated to registers 
                            814 ;address                   Allocated to registers 
                            815 ;------------------------------------------------------------
                            816 ;	../t6963c.c:191: unsigned char T6963C_readFrom(unsigned char x, 
                            817 ;	-----------------------------------------
                            818 ;	 function T6963C_readFrom
                            819 ;	-----------------------------------------
   01E3                     820 _T6963C_readFrom:
                            821 ;	../t6963c.c:193: unsigned int address = T6963C_calculateAddress(x, y);
   01E3 85*14*00            822 	mov	_T6963C_calculateAddress_PARM_2,_T6963C_readFrom_PARM_2
   01E6 12s01rC1            823 	lcall	_T6963C_calculateAddress
                            824 ;	../t6963c.c:194: return T6963C_dataRead(address);
   01E9 02s00rB9            825 	ljmp	_T6963C_dataRead
                            826 ;------------------------------------------------------------
                            827 ;Allocation info for local variables in function 'T6963C_initialize'
                            828 ;------------------------------------------------------------
                            829 ;------------------------------------------------------------
                            830 ;	../t6963c.c:200: void T6963C_initialize() {
                            831 ;	-----------------------------------------
                            832 ;	 function T6963C_initialize
                            833 ;	-----------------------------------------
   01EC                     834 _T6963C_initialize:
                            835 ;	../t6963c.c:201: T6963C_addressCommand(0x40, T6963C_ZONE_TEXTE);
   01EC E4                  836 	clr	a
   01ED F5*05               837 	mov	_T6963C_addressCommand_PARM_2,a
   01EF F5*06               838 	mov	(_T6963C_addressCommand_PARM_2 + 1),a
   01F1 75 82 40            839 	mov	dpl,#0x40
   01F4 12s00r6D            840 	lcall	_T6963C_addressCommand
                            841 ;	../t6963c.c:202: T6963C_addressCommand(0x42, T6963C_ZONE_GRAPHIQUE);
   01F7 75*05 00            842 	mov	_T6963C_addressCommand_PARM_2,#0x00
   01FA 75*06 02            843 	mov	(_T6963C_addressCommand_PARM_2 + 1),#0x02
   01FD 75 82 42            844 	mov	dpl,#0x42
   0200 12s00r6D            845 	lcall	_T6963C_addressCommand
                            846 ;	../t6963c.c:203: T6963C_twoDataCommand(0x22, T6963C_ZONE_CG / 2048,0); 
   0203 75*03 03            847 	mov	_T6963C_twoDataCommand_PARM_2,#0x03
   0206 75*04 00            848 	mov	_T6963C_twoDataCommand_PARM_3,#0x00
   0209 75 82 22            849 	mov	dpl,#0x22
   020C 12s00r42            850 	lcall	_T6963C_twoDataCommand
                            851 ;	../t6963c.c:204: T6963C_twoDataCommand(0x41, T6963C_COLONNES,0);
   020F 75*03 1E            852 	mov	_T6963C_twoDataCommand_PARM_2,#0x1E
   0212 75*04 00            853 	mov	_T6963C_twoDataCommand_PARM_3,#0x00
   0215 75 82 41            854 	mov	dpl,#0x41
   0218 12s00r42            855 	lcall	_T6963C_twoDataCommand
                            856 ;	../t6963c.c:205: T6963C_twoDataCommand(0x43, T6963C_COLONNES,0);     
   021B 75*03 1E            857 	mov	_T6963C_twoDataCommand_PARM_2,#0x1E
   021E 75*04 00            858 	mov	_T6963C_twoDataCommand_PARM_3,#0x00
   0221 75 82 43            859 	mov	dpl,#0x43
   0224 12s00r42            860 	lcall	_T6963C_twoDataCommand
                            861 ;	../t6963c.c:208: T6963C_noDataCommand(0x9C);
   0227 75 82 9C            862 	mov	dpl,#0x9C
   022A 12s00r10            863 	lcall	_T6963C_noDataCommand
                            864 ;	../t6963c.c:210: T6963C_noDataCommand(0x80);
   022D 75 82 80            865 	mov	dpl,#0x80
   0230 02s00r10            866 	ljmp	_T6963C_noDataCommand
                            867 	.area CSEG    (CODE)
                            868 	.area CONST   (CODE)
                            869 	.area XINIT   (CODE)
                            870 	.area CABS    (ABS,CODE)
